<?xml version="1.0" encoding="UTF-8"?>
<!-- Generated by org.testng.reporters.JUnitXMLReporter -->
<testsuite ignored="4" hostname="LAPTOP-D4NSSRIT" failures="0" tests="5" name="Posts" time="0.153" errors="0" timestamp="2020-02-04T03:13:19 EST">
  <testcase classname="main.Base" name="@BeforeSuite beforemethod" time="1.166">
    <failure type="org.openqa.selenium.SessionNotCreatedException" message="session not created: This version of ChromeDriver only supports Chrome version 80
Build info: version: &amp;apos;3.141.59&amp;apos;, revision: &amp;apos;e82be7d358&amp;apos;, time: &amp;apos;2018-11-14T08:17:03&amp;apos;
System info: host: &amp;apos;LAPTOP-D4NSSRIT&amp;apos;, ip: &amp;apos;192.168.1.40&amp;apos;, os.name: &amp;apos;Windows 10&amp;apos;, os.arch: &amp;apos;amd64&amp;apos;, os.version: &amp;apos;10.0&amp;apos;, java.version: &amp;apos;13.0.2&amp;apos;
Driver info: driver.version: ChromeDriver
remote stacktrace: Backtrace:
	Ordinal0 [0x00C40AE3+1706723]
	Ordinal0 [0x00BA68C1+1075393]
	Ordinal0 [0x00B1DFA9+516009]
	Ordinal0 [0x00AB0554+66900]
	Ordinal0 [0x00AACCE2+52450]
	Ordinal0 [0x00ACBFD7+180183]
	Ordinal0 [0x00ACBDDD+179677]
	Ordinal0 [0x00AC9D4B+171339]
	Ordinal0 [0x00AB1D4A+73034]
	Ordinal0 [0x00AB2DC0+77248]
	Ordinal0 [0x00AB2D59+77145]
	Ordinal0 [0x00BBBB37+1162039]
	GetHandleVerifier [0x00CDA7C6+508998]
	GetHandleVerifier [0x00CDA504+508292]
	GetHandleVerifier [0x00CEF617+594583]
	GetHandleVerifier [0x00CDB036+511158]
	Ordinal0 [0x00BB3FFC+1130492]
	Ordinal0 [0x00BBD49B+1168539]
	Ordinal0 [0x00BBD603+1168899]
	Ordinal0 [0x00BD5B05+1268485]
	BaseThreadInitThunk [0x76F9F989+25]
	RtlGetAppContainerNamedObjectPath [0x77555DE4+228]
	RtlGetAppContainerNamedObjectPath [0x77555DB4+180]
">
      <![CDATA[org.openqa.selenium.SessionNotCreatedException: session not created: This version of ChromeDriver only supports Chrome version 80
Build info: version: '3.141.59', revision: 'e82be7d358', time: '2018-11-14T08:17:03'
System info: host: 'LAPTOP-D4NSSRIT', ip: '192.168.1.40', os.name: 'Windows 10', os.arch: 'amd64', os.version: '10.0', java.version: '13.0.2'
Driver info: driver.version: ChromeDriver
remote stacktrace: Backtrace:
Ordinal0 [0x00C40AE3+1706723]
Ordinal0 [0x00BA68C1+1075393]
Ordinal0 [0x00B1DFA9+516009]
Ordinal0 [0x00AB0554+66900]
Ordinal0 [0x00AACCE2+52450]
Ordinal0 [0x00ACBFD7+180183]
Ordinal0 [0x00ACBDDD+179677]
Ordinal0 [0x00AC9D4B+171339]
Ordinal0 [0x00AB1D4A+73034]
Ordinal0 [0x00AB2DC0+77248]
Ordinal0 [0x00AB2D59+77145]
Ordinal0 [0x00BBBB37+1162039]
GetHandleVerifier [0x00CDA7C6+508998]
GetHandleVerifier [0x00CDA504+508292]
GetHandleVerifier [0x00CEF617+594583]
GetHandleVerifier [0x00CDB036+511158]
Ordinal0 [0x00BB3FFC+1130492]
Ordinal0 [0x00BBD49B+1168539]
Ordinal0 [0x00BBD603+1168899]
Ordinal0 [0x00BD5B05+1268485]
BaseThreadInitThunk [0x76F9F989+25]
RtlGetAppContainerNamedObjectPath [0x77555DE4+228]
RtlGetAppContainerNamedObjectPath [0x77555DB4+180]

at org.openqa.selenium.remote.W3CHandshakeResponse.lambda$errorHandler$0(W3CHandshakeResponse.java:62)
at org.openqa.selenium.remote.HandshakeResponse.lambda$getResponseFunction$0(HandshakeResponse.java:30)
at org.openqa.selenium.remote.ProtocolHandshake.lambda$createSession$0(ProtocolHandshake.java:126)
at java.base/java.util.stream.ReferencePipeline$3$1.accept(ReferencePipeline.java:195)
at java.base/java.util.Spliterators$ArraySpliterator.tryAdvance(Spliterators.java:958)
at java.base/java.util.stream.ReferencePipeline.forEachWithCancel(ReferencePipeline.java:127)
at java.base/java.util.stream.AbstractPipeline.copyIntoWithCancel(AbstractPipeline.java:502)
at java.base/java.util.stream.AbstractPipeline.copyInto(AbstractPipeline.java:488)
at java.base/java.util.stream.AbstractPipeline.wrapAndCopyInto(AbstractPipeline.java:474)
at java.base/java.util.stream.FindOps$FindOp.evaluateSequential(FindOps.java:150)
at java.base/java.util.stream.AbstractPipeline.evaluate(AbstractPipeline.java:234)
at java.base/java.util.stream.ReferencePipeline.findFirst(ReferencePipeline.java:543)
at org.openqa.selenium.remote.ProtocolHandshake.createSession(ProtocolHandshake.java:128)
at org.openqa.selenium.remote.ProtocolHandshake.createSession(ProtocolHandshake.java:74)
at org.openqa.selenium.remote.HttpCommandExecutor.execute(HttpCommandExecutor.java:136)
at org.openqa.selenium.remote.service.DriverCommandExecutor.execute(DriverCommandExecutor.java:83)
at org.openqa.selenium.remote.RemoteWebDriver.execute(RemoteWebDriver.java:552)
at org.openqa.selenium.remote.RemoteWebDriver.startSession(RemoteWebDriver.java:213)
at org.openqa.selenium.remote.RemoteWebDriver.<init>(RemoteWebDriver.java:131)
at org.openqa.selenium.chrome.ChromeDriver.<init>(ChromeDriver.java:181)
at org.openqa.selenium.chrome.ChromeDriver.<init>(ChromeDriver.java:168)
at org.openqa.selenium.chrome.ChromeDriver.<init>(ChromeDriver.java:123)
at main.WebDriverFactory.create(WebDriverFactory.java:20)
at main.Base.beforemethod(Base.java:22)
... Removed 25 stack frames]]>
    </failure>
  </testcase> <!-- @BeforeSuite beforemethod -->
  <testcase classname="test.posts.Create" name="createSimplePostTest" time="0.0">
    <skipped/>
  </testcase> <!-- createSimplePostTest -->
  <testcase classname="test.posts.Create" name="createSimplePostTest" time="0.0">
    <skipped/>
  </testcase> <!-- createSimplePostTest -->
  <testcase classname="test.posts.Create" name="createPostTest" time="0.0">
    <skipped/>
  </testcase> <!-- createPostTest -->
  <testcase classname="test.posts.Update" name="updatePostTest" time="0.0">
    <skipped/>
  </testcase> <!-- updatePostTest -->
  <testcase classname="test.posts.Delete" name="deletePostTest" time="0.0">
    <skipped/>
  </testcase> <!-- deletePostTest -->
  <testcase classname="main.Base" name="@BeforeSuite beforemethod" time="0.0">
    <ignored/>
  </testcase> <!-- @BeforeSuite beforemethod -->
  <testcase classname="main.Base" name="@BeforeSuite beforemethod" time="0.0">
    <ignored/>
  </testcase> <!-- @BeforeSuite beforemethod -->
  <testcase classname="main.Base" name="@AfterSuite aftermethod" time="0.0">
    <ignored/>
  </testcase> <!-- @AfterSuite aftermethod -->
  <testcase classname="main.Base" name="@AfterSuite aftermethod" time="0.0">
    <ignored/>
  </testcase> <!-- @AfterSuite aftermethod -->
</testsuite> <!-- Posts -->
